<?xml version="1.0" encoding="UTF-8"?>
<testsuite name="gov.nasa.jpf.autodoc.core.ClassFileTest" tests="5" skipped="0" failures="0" errors="0" timestamp="2025-08-01T01:14:42.629Z" hostname="192.168.1.6" time="0.365">
  <properties/>
  <testcase name="testAnalysisConfigBuilder()" classname="gov.nasa.jpf.autodoc.core.ClassFileTest" time="0.309"/>
  <testcase name="testAnalysisConfigDefaults()" classname="gov.nasa.jpf.autodoc.core.ClassFileTest" time="0.003"/>
  <testcase name="testAnalysisConfigConfigOnly()" classname="gov.nasa.jpf.autodoc.core.ClassFileTest" time="0.003"/>
  <testcase name="testClassFileSetCreation()" classname="gov.nasa.jpf.autodoc.core.ClassFileTest" time="0.038"/>
  <testcase name="testAnalysisConfigTypesOnly()" classname="gov.nasa.jpf.autodoc.core.ClassFileTest" time="0.003"/>
  <system-out><![CDATA[]]></system-out>
  <system-err><![CDATA[]]></system-err>
</testsuite>
