<?xml version="1.0" encoding="UTF-8"?>
<testsuite name="gov.nasa.jpf.autodoc.core.ClassFileTest" tests="5" skipped="0" failures="0" errors="0" timestamp="2025-08-01T01:00:18.236Z" hostname="192.168.1.6" time="0.347">
  <properties/>
  <testcase name="testAnalysisConfigBuilder()" classname="gov.nasa.jpf.autodoc.core.ClassFileTest" time="0.291"/>
  <testcase name="testAnalysisConfigDefaults()" classname="gov.nasa.jpf.autodoc.core.ClassFileTest" time="0.002"/>
  <testcase name="testAnalysisConfigConfigOnly()" classname="gov.nasa.jpf.autodoc.core.ClassFileTest" time="0.001"/>
  <testcase name="testClassFileSetCreation()" classname="gov.nasa.jpf.autodoc.core.ClassFileTest" time="0.045"/>
  <testcase name="testAnalysisConfigTypesOnly()" classname="gov.nasa.jpf.autodoc.core.ClassFileTest" time="0.001"/>
  <system-out><![CDATA[]]></system-out>
  <system-err><![CDATA[]]></system-err>
</testsuite>
